cabal: Entering directory '/var/folders/n0/51csjnbx4jlgfg30y54t6ct40000gn/T/cabal-tmp-4697/ansi-terminal-0.7.1.1'
Configuring ansi-terminal-0.7.1.1...
Building ansi-terminal-0.7.1.1...
Preprocessing library ansi-terminal-0.7.1.1...
[1 of 4] Compiling System.Console.ANSI.Types ( System/Console/ANSI/Types.hs, dist/dist-sandbox-5a099110/build/System/Console/ANSI/Types.o )
[2 of 4] Compiling System.Console.ANSI.Codes ( System/Console/ANSI/Codes.hs, dist/dist-sandbox-5a099110/build/System/Console/ANSI/Codes.o )
[3 of 4] Compiling System.Console.ANSI.Unix ( System/Console/ANSI/Unix.hs, dist/dist-sandbox-5a099110/build/System/Console/ANSI/Unix.o )
[4 of 4] Compiling System.Console.ANSI ( System/Console/ANSI.hs, dist/dist-sandbox-5a099110/build/System/Console/ANSI.o )
[1 of 4] Compiling System.Console.ANSI.Types ( System/Console/ANSI/Types.hs, dist/dist-sandbox-5a099110/build/System/Console/ANSI/Types.p_o )
[2 of 4] Compiling System.Console.ANSI.Codes ( System/Console/ANSI/Codes.hs, dist/dist-sandbox-5a099110/build/System/Console/ANSI/Codes.p_o )
[3 of 4] Compiling System.Console.ANSI.Unix ( System/Console/ANSI/Unix.hs, dist/dist-sandbox-5a099110/build/System/Console/ANSI/Unix.p_o )
[4 of 4] Compiling System.Console.ANSI ( System/Console/ANSI.hs, dist/dist-sandbox-5a099110/build/System/Console/ANSI.p_o )
Running Haddock for ansi-terminal-0.7.1.1...
Preprocessing library ansi-terminal-0.7.1.1...
Haddock coverage:
 100% (  8 /  8) in 'System.Console.ANSI.Types'
  45% ( 18 / 40) in 'System.Console.ANSI.Codes'
  Missing documentation for:
    cursorUpCode (/var/folders/n0/51csjnbx4jlgfg30y54t6ct40000gn/T/ghc6439_0/ghc_5.hscpp:241)
    cursorDownCode (/var/folders/n0/51csjnbx4jlgfg30y54t6ct40000gn/T/ghc6439_0/ghc_5.hscpp:241)
    cursorForwardCode (/var/folders/n0/51csjnbx4jlgfg30y54t6ct40000gn/T/ghc6439_0/ghc_5.hscpp:241)
    cursorBackwardCode (/var/folders/n0/51csjnbx4jlgfg30y54t6ct40000gn/T/ghc6439_0/ghc_5.hscpp:241)
    cursorUpLineCode (/var/folders/n0/51csjnbx4jlgfg30y54t6ct40000gn/T/ghc6439_0/ghc_5.hscpp:248)
    cursorDownLineCode (/var/folders/n0/51csjnbx4jlgfg30y54t6ct40000gn/T/ghc6439_0/ghc_5.hscpp:248)
    setCursorColumnCode (/var/folders/n0/51csjnbx4jlgfg30y54t6ct40000gn/T/ghc6439_0/ghc_5.hscpp:253)
    setCursorPositionCode (/var/folders/n0/51csjnbx4jlgfg30y54t6ct40000gn/T/ghc6439_0/ghc_5.hscpp:257)
    saveCursorCode (/var/folders/n0/51csjnbx4jlgfg30y54t6ct40000gn/T/ghc6439_0/ghc_5.hscpp:262)
    restoreCursorCode (/var/folders/n0/51csjnbx4jlgfg30y54t6ct40000gn/T/ghc6439_0/ghc_5.hscpp:262)
    reportCursorPositionCode (/var/folders/n0/51csjnbx4jlgfg30y54t6ct40000gn/T/ghc6439_0/ghc_5.hscpp:262)
    clearFromCursorToScreenEndCode (/var/folders/n0/51csjnbx4jlgfg30y54t6ct40000gn/T/ghc6439_0/ghc_5.hscpp:267)
    clearFromCursorToScreenBeginningCode (/var/folders/n0/51csjnbx4jlgfg30y54t6ct40000gn/T/ghc6439_0/ghc_5.hscpp:267)
    clearScreenCode (/var/folders/n0/51csjnbx4jlgfg30y54t6ct40000gn/T/ghc6439_0/ghc_5.hscpp:267)
    clearFromCursorToLineEndCode (/var/folders/n0/51csjnbx4jlgfg30y54t6ct40000gn/T/ghc6439_0/ghc_5.hscpp:268)
    clearFromCursorToLineBeginningCode (/var/folders/n0/51csjnbx4jlgfg30y54t6ct40000gn/T/ghc6439_0/ghc_5.hscpp:268)
    clearLineCode (/var/folders/n0/51csjnbx4jlgfg30y54t6ct40000gn/T/ghc6439_0/ghc_5.hscpp:268)
    scrollPageUpCode (/var/folders/n0/51csjnbx4jlgfg30y54t6ct40000gn/T/ghc6439_0/ghc_5.hscpp:277)
    scrollPageDownCode (/var/folders/n0/51csjnbx4jlgfg30y54t6ct40000gn/T/ghc6439_0/ghc_5.hscpp:277)
    setSGRCode (/var/folders/n0/51csjnbx4jlgfg30y54t6ct40000gn/T/ghc6439_0/ghc_5.hscpp:282)
    hideCursorCode (/var/folders/n0/51csjnbx4jlgfg30y54t6ct40000gn/T/ghc6439_0/ghc_5.hscpp:289)
    showCursorCode (/var/folders/n0/51csjnbx4jlgfg30y54t6ct40000gn/T/ghc6439_0/ghc_5.hscpp:289)
  35% ( 31 / 89) in 'System.Console.ANSI.Unix'
  Missing documentation for:
    Module header
    cursorUp (/var/folders/n0/51csjnbx4jlgfg30y54t6ct40000gn/T/ghc6439_0/ghc_7.hscpp:249)
    cursorDown (/var/folders/n0/51csjnbx4jlgfg30y54t6ct40000gn/T/ghc6439_0/ghc_7.hscpp:249)
    cursorForward (/var/folders/n0/51csjnbx4jlgfg30y54t6ct40000gn/T/ghc6439_0/ghc_7.hscpp:249)
    cursorBackward (/var/folders/n0/51csjnbx4jlgfg30y54t6ct40000gn/T/ghc6439_0/ghc_7.hscpp:249)
    hCursorUp (/var/folders/n0/51csjnbx4jlgfg30y54t6ct40000gn/T/ghc6439_0/ghc_7.hscpp:245)
    hCursorDown (/var/folders/n0/51csjnbx4jlgfg30y54t6ct40000gn/T/ghc6439_0/ghc_7.hscpp:245)
    hCursorForward (/var/folders/n0/51csjnbx4jlgfg30y54t6ct40000gn/T/ghc6439_0/ghc_7.hscpp:245)
    hCursorBackward (/var/folders/n0/51csjnbx4jlgfg30y54t6ct40000gn/T/ghc6439_0/ghc_7.hscpp:245)
    cursorUpCode (/var/folders/n0/51csjnbx4jlgfg30y54t6ct40000gn/T/ghc6439_0/ghc_5.hscpp:241)
    cursorDownCode (/var/folders/n0/51csjnbx4jlgfg30y54t6ct40000gn/T/ghc6439_0/ghc_5.hscpp:241)
    cursorForwardCode (/var/folders/n0/51csjnbx4jlgfg30y54t6ct40000gn/T/ghc6439_0/ghc_5.hscpp:241)
    cursorBackwardCode (/var/folders/n0/51csjnbx4jlgfg30y54t6ct40000gn/T/ghc6439_0/ghc_5.hscpp:241)
    cursorUpLine (/var/folders/n0/51csjnbx4jlgfg30y54t6ct40000gn/T/ghc6439_0/ghc_7.hscpp:260)
    cursorDownLine (/var/folders/n0/51csjnbx4jlgfg30y54t6ct40000gn/T/ghc6439_0/ghc_7.hscpp:260)
    hCursorUpLine (/var/folders/n0/51csjnbx4jlgfg30y54t6ct40000gn/T/ghc6439_0/ghc_7.hscpp:257)
    hCursorDownLine (/var/folders/n0/51csjnbx4jlgfg30y54t6ct40000gn/T/ghc6439_0/ghc_7.hscpp:257)
    cursorUpLineCode (/var/folders/n0/51csjnbx4jlgfg30y54t6ct40000gn/T/ghc6439_0/ghc_5.hscpp:248)
    cursorDownLineCode (/var/folders/n0/51csjnbx4jlgfg30y54t6ct40000gn/T/ghc6439_0/ghc_5.hscpp:248)
    setCursorColumn (/var/folders/n0/51csjnbx4jlgfg30y54t6ct40000gn/T/ghc6439_0/ghc_7.hscpp:268)
    hSetCursorColumn (/var/folders/n0/51csjnbx4jlgfg30y54t6ct40000gn/T/ghc6439_0/ghc_7.hscpp:265)
    setCursorColumnCode (/var/folders/n0/51csjnbx4jlgfg30y54t6ct40000gn/T/ghc6439_0/ghc_5.hscpp:253)
    setCursorPosition (/var/folders/n0/51csjnbx4jlgfg30y54t6ct40000gn/T/ghc6439_0/ghc_7.hscpp:276)
    hSetCursorPosition (/var/folders/n0/51csjnbx4jlgfg30y54t6ct40000gn/T/ghc6439_0/ghc_7.hscpp:272)
    setCursorPositionCode (/var/folders/n0/51csjnbx4jlgfg30y54t6ct40000gn/T/ghc6439_0/ghc_5.hscpp:257)
    hSaveCursor (/var/folders/n0/51csjnbx4jlgfg30y54t6ct40000gn/T/ghc6439_0/ghc_7.hscpp:281)
    saveCursorCode (/var/folders/n0/51csjnbx4jlgfg30y54t6ct40000gn/T/ghc6439_0/ghc_5.hscpp:262)
    hRestoreCursor (/var/folders/n0/51csjnbx4jlgfg30y54t6ct40000gn/T/ghc6439_0/ghc_7.hscpp:281)
    restoreCursorCode (/var/folders/n0/51csjnbx4jlgfg30y54t6ct40000gn/T/ghc6439_0/ghc_5.hscpp:262)
    hReportCursorPosition (/var/folders/n0/51csjnbx4jlgfg30y54t6ct40000gn/T/ghc6439_0/ghc_7.hscpp:281)
    reportCursorPositionCode (/var/folders/n0/51csjnbx4jlgfg30y54t6ct40000gn/T/ghc6439_0/ghc_5.hscpp:262)
    clearFromCursorToScreenEnd (/var/folders/n0/51csjnbx4jlgfg30y54t6ct40000gn/T/ghc6439_0/ghc_7.hscpp:425)
    clearFromCursorToScreenBeginning (/var/folders/n0/51csjnbx4jlgfg30y54t6ct40000gn/T/ghc6439_0/ghc_7.hscpp:425)
    clearScreen (/var/folders/n0/51csjnbx4jlgfg30y54t6ct40000gn/T/ghc6439_0/ghc_7.hscpp:425)
    hClearFromCursorToScreenEnd (/var/folders/n0/51csjnbx4jlgfg30y54t6ct40000gn/T/ghc6439_0/ghc_7.hscpp:421)
    hClearFromCursorToScreenBeginning (/var/folders/n0/51csjnbx4jlgfg30y54t6ct40000gn/T/ghc6439_0/ghc_7.hscpp:421)
    hClearScreen (/var/folders/n0/51csjnbx4jlgfg30y54t6ct40000gn/T/ghc6439_0/ghc_7.hscpp:421)
    clearFromCursorToScreenEndCode (/var/folders/n0/51csjnbx4jlgfg30y54t6ct40000gn/T/ghc6439_0/ghc_5.hscpp:267)
    clearFromCursorToScreenBeginningCode (/var/folders/n0/51csjnbx4jlgfg30y54t6ct40000gn/T/ghc6439_0/ghc_5.hscpp:267)
    clearScreenCode (/var/folders/n0/51csjnbx4jlgfg30y54t6ct40000gn/T/ghc6439_0/ghc_5.hscpp:267)
    clearFromCursorToLineEnd (/var/folders/n0/51csjnbx4jlgfg30y54t6ct40000gn/T/ghc6439_0/ghc_7.hscpp:435)
    clearFromCursorToLineBeginning (/var/folders/n0/51csjnbx4jlgfg30y54t6ct40000gn/T/ghc6439_0/ghc_7.hscpp:435)
    clearLine (/var/folders/n0/51csjnbx4jlgfg30y54t6ct40000gn/T/ghc6439_0/ghc_7.hscpp:435)
    hClearFromCursorToLineEnd (/var/folders/n0/51csjnbx4jlgfg30y54t6ct40000gn/T/ghc6439_0/ghc_7.hscpp:431)
    hClearFromCursorToLineBeginning (/var/folders/n0/51csjnbx4jlgfg30y54t6ct40000gn/T/ghc6439_0/ghc_7.hscpp:431)
    hClearLine (/var/folders/n0/51csjnbx4jlgfg30y54t6ct40000gn/T/ghc6439_0/ghc_7.hscpp:431)
    clearFromCursorToLineEndCode (/var/folders/n0/51csjnbx4jlgfg30y54t6ct40000gn/T/ghc6439_0/ghc_5.hscpp:268)
    clearFromCursorToLineBeginningCode (/var/folders/n0/51csjnbx4jlgfg30y54t6ct40000gn/T/ghc6439_0/ghc_5.hscpp:268)
    clearLineCode (/var/folders/n0/51csjnbx4jlgfg30y54t6ct40000gn/T/ghc6439_0/ghc_5.hscpp:268)
    scrollPageUpCode (/var/folders/n0/51csjnbx4jlgfg30y54t6ct40000gn/T/ghc6439_0/ghc_5.hscpp:277)
    scrollPageDownCode (/var/folders/n0/51csjnbx4jlgfg30y54t6ct40000gn/T/ghc6439_0/ghc_5.hscpp:277)
    setSGRCode (/var/folders/n0/51csjnbx4jlgfg30y54t6ct40000gn/T/ghc6439_0/ghc_5.hscpp:282)
    hideCursor (/var/folders/n0/51csjnbx4jlgfg30y54t6ct40000gn/T/ghc6439_0/ghc_7.hscpp:311)
    showCursor (/var/folders/n0/51csjnbx4jlgfg30y54t6ct40000gn/T/ghc6439_0/ghc_7.hscpp:311)
    hHideCursor (/var/folders/n0/51csjnbx4jlgfg30y54t6ct40000gn/T/ghc6439_0/ghc_7.hscpp:309)
    hShowCursor (/var/folders/n0/51csjnbx4jlgfg30y54t6ct40000gn/T/ghc6439_0/ghc_7.hscpp:309)
    hideCursorCode (/var/folders/n0/51csjnbx4jlgfg30y54t6ct40000gn/T/ghc6439_0/ghc_5.hscpp:289)
    showCursorCode (/var/folders/n0/51csjnbx4jlgfg30y54t6ct40000gn/T/ghc6439_0/ghc_5.hscpp:289)
  36% ( 32 / 89) in 'System.Console.ANSI'
  Missing documentation for:
    cursorUp (/var/folders/n0/51csjnbx4jlgfg30y54t6ct40000gn/T/ghc6439_0/ghc_7.hscpp:249)
    cursorDown (/var/folders/n0/51csjnbx4jlgfg30y54t6ct40000gn/T/ghc6439_0/ghc_7.hscpp:249)
    cursorForward (/var/folders/n0/51csjnbx4jlgfg30y54t6ct40000gn/T/ghc6439_0/ghc_7.hscpp:249)
    cursorBackward (/var/folders/n0/51csjnbx4jlgfg30y54t6ct40000gn/T/ghc6439_0/ghc_7.hscpp:249)
    hCursorUp (/var/folders/n0/51csjnbx4jlgfg30y54t6ct40000gn/T/ghc6439_0/ghc_7.hscpp:245)
    hCursorDown (/var/folders/n0/51csjnbx4jlgfg30y54t6ct40000gn/T/ghc6439_0/ghc_7.hscpp:245)
    hCursorForward (/var/folders/n0/51csjnbx4jlgfg30y54t6ct40000gn/T/ghc6439_0/ghc_7.hscpp:245)
    hCursorBackward (/var/folders/n0/51csjnbx4jlgfg30y54t6ct40000gn/T/ghc6439_0/ghc_7.hscpp:245)
    cursorUpCode (/var/folders/n0/51csjnbx4jlgfg30y54t6ct40000gn/T/ghc6439_0/ghc_5.hscpp:241)
    cursorDownCode (/var/folders/n0/51csjnbx4jlgfg30y54t6ct40000gn/T/ghc6439_0/ghc_5.hscpp:241)
    cursorForwardCode (/var/folders/n0/51csjnbx4jlgfg30y54t6ct40000gn/T/ghc6439_0/ghc_5.hscpp:241)
    cursorBackwardCode (/var/folders/n0/51csjnbx4jlgfg30y54t6ct40000gn/T/ghc6439_0/ghc_5.hscpp:241)
    cursorUpLine (/var/folders/n0/51csjnbx4jlgfg30y54t6ct40000gn/T/ghc6439_0/ghc_7.hscpp:260)
    cursorDownLine (/var/folders/n0/51csjnbx4jlgfg30y54t6ct40000gn/T/ghc6439_0/ghc_7.hscpp:260)
    hCursorUpLine (/var/folders/n0/51csjnbx4jlgfg30y54t6ct40000gn/T/ghc6439_0/ghc_7.hscpp:257)
    hCursorDownLine (/var/folders/n0/51csjnbx4jlgfg30y54t6ct40000gn/T/ghc6439_0/ghc_7.hscpp:257)
    cursorUpLineCode (/var/folders/n0/51csjnbx4jlgfg30y54t6ct40000gn/T/ghc6439_0/ghc_5.hscpp:248)
    cursorDownLineCode (/var/folders/n0/51csjnbx4jlgfg30y54t6ct40000gn/T/ghc6439_0/ghc_5.hscpp:248)
    setCursorColumn (/var/folders/n0/51csjnbx4jlgfg30y54t6ct40000gn/T/ghc6439_0/ghc_7.hscpp:268)
    hSetCursorColumn (/var/folders/n0/51csjnbx4jlgfg30y54t6ct40000gn/T/ghc6439_0/ghc_7.hscpp:265)
    setCursorColumnCode (/var/folders/n0/51csjnbx4jlgfg30y54t6ct40000gn/T/ghc6439_0/ghc_5.hscpp:253)
    setCursorPosition (/var/folders/n0/51csjnbx4jlgfg30y54t6ct40000gn/T/ghc6439_0/ghc_7.hscpp:276)
    hSetCursorPosition (/var/folders/n0/51csjnbx4jlgfg30y54t6ct40000gn/T/ghc6439_0/ghc_7.hscpp:272)
    setCursorPositionCode (/var/folders/n0/51csjnbx4jlgfg30y54t6ct40000gn/T/ghc6439_0/ghc_5.hscpp:257)
    hSaveCursor (/var/folders/n0/51csjnbx4jlgfg30y54t6ct40000gn/T/ghc6439_0/ghc_7.hscpp:281)
    saveCursorCode (/var/folders/n0/51csjnbx4jlgfg30y54t6ct40000gn/T/ghc6439_0/ghc_5.hscpp:262)
    hRestoreCursor (/var/folders/n0/51csjnbx4jlgfg30y54t6ct40000gn/T/ghc6439_0/ghc_7.hscpp:281)
    restoreCursorCode (/var/folders/n0/51csjnbx4jlgfg30y54t6ct40000gn/T/ghc6439_0/ghc_5.hscpp:262)
    hReportCursorPosition (/var/folders/n0/51csjnbx4jlgfg30y54t6ct40000gn/T/ghc6439_0/ghc_7.hscpp:281)
    reportCursorPositionCode (/var/folders/n0/51csjnbx4jlgfg30y54t6ct40000gn/T/ghc6439_0/ghc_5.hscpp:262)
    clearFromCursorToScreenEnd (/var/folders/n0/51csjnbx4jlgfg30y54t6ct40000gn/T/ghc6439_0/ghc_7.hscpp:425)
    clearFromCursorToScreenBeginning (/var/folders/n0/51csjnbx4jlgfg30y54t6ct40000gn/T/ghc6439_0/ghc_7.hscpp:425)
    clearScreen (/var/folders/n0/51csjnbx4jlgfg30y54t6ct40000gn/T/ghc6439_0/ghc_7.hscpp:425)
    hClearFromCursorToScreenEnd (/var/folders/n0/51csjnbx4jlgfg30y54t6ct40000gn/T/ghc6439_0/ghc_7.hscpp:421)
    hClearFromCursorToScreenBeginning (/var/folders/n0/51csjnbx4jlgfg30y54t6ct40000gn/T/ghc6439_0/ghc_7.hscpp:421)
    hClearScreen (/var/folders/n0/51csjnbx4jlgfg30y54t6ct40000gn/T/ghc6439_0/ghc_7.hscpp:421)
    clearFromCursorToScreenEndCode (/var/folders/n0/51csjnbx4jlgfg30y54t6ct40000gn/T/ghc6439_0/ghc_5.hscpp:267)
    clearFromCursorToScreenBeginningCode (/var/folders/n0/51csjnbx4jlgfg30y54t6ct40000gn/T/ghc6439_0/ghc_5.hscpp:267)
    clearScreenCode (/var/folders/n0/51csjnbx4jlgfg30y54t6ct40000gn/T/ghc6439_0/ghc_5.hscpp:267)
    clearFromCursorToLineEnd (/var/folders/n0/51csjnbx4jlgfg30y54t6ct40000gn/T/ghc6439_0/ghc_7.hscpp:435)
    clearFromCursorToLineBeginning (/var/folders/n0/51csjnbx4jlgfg30y54t6ct40000gn/T/ghc6439_0/ghc_7.hscpp:435)
    clearLine (/var/folders/n0/51csjnbx4jlgfg30y54t6ct40000gn/T/ghc6439_0/ghc_7.hscpp:435)
    hClearFromCursorToLineEnd (/var/folders/n0/51csjnbx4jlgfg30y54t6ct40000gn/T/ghc6439_0/ghc_7.hscpp:431)
    hClearFromCursorToLineBeginning (/var/folders/n0/51csjnbx4jlgfg30y54t6ct40000gn/T/ghc6439_0/ghc_7.hscpp:431)
    hClearLine (/var/folders/n0/51csjnbx4jlgfg30y54t6ct40000gn/T/ghc6439_0/ghc_7.hscpp:431)
    clearFromCursorToLineEndCode (/var/folders/n0/51csjnbx4jlgfg30y54t6ct40000gn/T/ghc6439_0/ghc_5.hscpp:268)
    clearFromCursorToLineBeginningCode (/var/folders/n0/51csjnbx4jlgfg30y54t6ct40000gn/T/ghc6439_0/ghc_5.hscpp:268)
    clearLineCode (/var/folders/n0/51csjnbx4jlgfg30y54t6ct40000gn/T/ghc6439_0/ghc_5.hscpp:268)
    scrollPageUpCode (/var/folders/n0/51csjnbx4jlgfg30y54t6ct40000gn/T/ghc6439_0/ghc_5.hscpp:277)
    scrollPageDownCode (/var/folders/n0/51csjnbx4jlgfg30y54t6ct40000gn/T/ghc6439_0/ghc_5.hscpp:277)
    setSGRCode (/var/folders/n0/51csjnbx4jlgfg30y54t6ct40000gn/T/ghc6439_0/ghc_5.hscpp:282)
    hideCursor (/var/folders/n0/51csjnbx4jlgfg30y54t6ct40000gn/T/ghc6439_0/ghc_7.hscpp:311)
    showCursor (/var/folders/n0/51csjnbx4jlgfg30y54t6ct40000gn/T/ghc6439_0/ghc_7.hscpp:311)
    hHideCursor (/var/folders/n0/51csjnbx4jlgfg30y54t6ct40000gn/T/ghc6439_0/ghc_7.hscpp:309)
    hShowCursor (/var/folders/n0/51csjnbx4jlgfg30y54t6ct40000gn/T/ghc6439_0/ghc_7.hscpp:309)
    hideCursorCode (/var/folders/n0/51csjnbx4jlgfg30y54t6ct40000gn/T/ghc6439_0/ghc_5.hscpp:289)
    showCursorCode (/var/folders/n0/51csjnbx4jlgfg30y54t6ct40000gn/T/ghc6439_0/ghc_5.hscpp:289)
Warning: System.Console.ANSI.Types: could not find link destinations for:
    unsafeIndex unsafeRangeSize
Documentation created:
dist/dist-sandbox-5a099110/doc/html/ansi-terminal/index.html
Creating package registration file:
/var/folders/n0/51csjnbx4jlgfg30y54t6ct40000gn/T/pkgConf-ansi-terminal-0.7.113564252281899894091.1
Installing library in
/Users/eph/Documents/GitHub/Problemas/Bowling/.cabal-sandbox/lib/x86_64-osx-ghc-8.0.2/ansi-terminal-0.7.1.1-3x7UxsvAySnUhOu1cb7b1
Registering ansi-terminal-0.7.1.1...
cabal: Leaving directory '/var/folders/n0/51csjnbx4jlgfg30y54t6ct40000gn/T/cabal-tmp-4697/ansi-terminal-0.7.1.1'
