cabal: Entering directory '/var/folders/n0/51csjnbx4jlgfg30y54t6ct40000gn/T/cabal-tmp-4697/clock-0.7.2'
Configuring clock-0.7.2...
Building clock-0.7.2...
Preprocessing library clock-0.7.2...
Clock.hsc:44:9: warning: 'hsc_alignment' macro redefined [-Wmacro-redefined]
#define hsc_alignment(t ) hsc_printf ( "%lu", (unsigned long)offsetof(struct {char x__; t (y__); }, y__));
        ^
/Library/Frameworks/GHC.framework/Versions/8.0.2-x86_64/usr/lib/ghc-8.0.2/template-hsc.h:88:9: note: previous definition is here
#define hsc_alignment(t...) \
        ^
1 warning generated.
[1 of 1] Compiling System.Clock     ( dist/dist-sandbox-5a099110/build/System/Clock.hs, dist/dist-sandbox-5a099110/build/System/Clock.o )

System/Clock.hsc:136:1: warning: [-Wincomplete-patterns]
    Pattern match(es) are non-exhaustive
    In an equation for ‘clockToConst’:
        Patterns not matched: MonotonicRaw
[1 of 1] Compiling System.Clock     ( dist/dist-sandbox-5a099110/build/System/Clock.hs, dist/dist-sandbox-5a099110/build/System/Clock.p_o )

System/Clock.hsc:136:1: warning: [-Wincomplete-patterns]
    Pattern match(es) are non-exhaustive
    In an equation for ‘clockToConst’:
        Patterns not matched: MonotonicRaw
Running Haddock for clock-0.7.2...
Preprocessing library clock-0.7.2...
Haddock coverage:
 100% (  9 /  9) in 'System.Clock'
Documentation created: dist/dist-sandbox-5a099110/doc/html/clock/index.html
Creating package registration file:
/var/folders/n0/51csjnbx4jlgfg30y54t6ct40000gn/T/pkgConf-clock-0.71974930991404280278.2
Installing library in
/Users/eph/Documents/GitHub/Problemas/Bowling/.cabal-sandbox/lib/x86_64-osx-ghc-8.0.2/clock-0.7.2-6ZjQ4liQAtMEQ8sxJKD0xY
Registering clock-0.7.2...
cabal: Leaving directory '/var/folders/n0/51csjnbx4jlgfg30y54t6ct40000gn/T/cabal-tmp-4697/clock-0.7.2'
