cabal: Entering directory '/var/folders/n0/51csjnbx4jlgfg30y54t6ct40000gn/T/cabal-tmp-4697/optparse-applicative-0.14.0.0'
Configuring optparse-applicative-0.14.0.0...
Building optparse-applicative-0.14.0.0...
Preprocessing library optparse-applicative-0.14.0.0...
[ 1 of 16] Compiling Options.Applicative.Help.Pretty ( Options/Applicative/Help/Pretty.hs, dist/dist-sandbox-5a099110/build/Options/Applicative/Help/Pretty.o )
[ 2 of 16] Compiling Options.Applicative.Help.Levenshtein ( Options/Applicative/Help/Levenshtein.hs, dist/dist-sandbox-5a099110/build/Options/Applicative/Help/Levenshtein.o )
[ 3 of 16] Compiling Options.Applicative.Help.Chunk ( Options/Applicative/Help/Chunk.hs, dist/dist-sandbox-5a099110/build/Options/Applicative/Help/Chunk.o )
[ 4 of 16] Compiling Options.Applicative.Help.Types ( Options/Applicative/Help/Types.hs, dist/dist-sandbox-5a099110/build/Options/Applicative/Help/Types.o )
[ 5 of 16] Compiling Options.Applicative.Types ( Options/Applicative/Types.hs, dist/dist-sandbox-5a099110/build/Options/Applicative/Types.o )
[ 6 of 16] Compiling Options.Applicative.Internal ( Options/Applicative/Internal.hs, dist/dist-sandbox-5a099110/build/Options/Applicative/Internal.o )
[ 7 of 16] Compiling Options.Applicative.Common ( Options/Applicative/Common.hs, dist/dist-sandbox-5a099110/build/Options/Applicative/Common.o )
[ 8 of 16] Compiling Options.Applicative.Help.Core ( Options/Applicative/Help/Core.hs, dist/dist-sandbox-5a099110/build/Options/Applicative/Help/Core.o )
[ 9 of 16] Compiling Options.Applicative.Help ( Options/Applicative/Help.hs, dist/dist-sandbox-5a099110/build/Options/Applicative/Help.o )
[10 of 16] Compiling Options.Applicative.Builder.Internal ( Options/Applicative/Builder/Internal.hs, dist/dist-sandbox-5a099110/build/Options/Applicative/Builder/Internal.o )
[11 of 16] Compiling Options.Applicative.Builder.Completer ( Options/Applicative/Builder/Completer.hs, dist/dist-sandbox-5a099110/build/Options/Applicative/Builder/Completer.o )
[12 of 16] Compiling Options.Applicative.Builder ( Options/Applicative/Builder.hs, dist/dist-sandbox-5a099110/build/Options/Applicative/Builder.o )
[13 of 16] Compiling Options.Applicative.BashCompletion ( Options/Applicative/BashCompletion.hs, dist/dist-sandbox-5a099110/build/Options/Applicative/BashCompletion.o )
[14 of 16] Compiling Options.Applicative.Extra ( Options/Applicative/Extra.hs, dist/dist-sandbox-5a099110/build/Options/Applicative/Extra.o )
[15 of 16] Compiling Options.Applicative ( Options/Applicative.hs, dist/dist-sandbox-5a099110/build/Options/Applicative.o )
[16 of 16] Compiling Options.Applicative.Arrows ( Options/Applicative/Arrows.hs, dist/dist-sandbox-5a099110/build/Options/Applicative/Arrows.o )
[ 1 of 16] Compiling Options.Applicative.Help.Pretty ( Options/Applicative/Help/Pretty.hs, dist/dist-sandbox-5a099110/build/Options/Applicative/Help/Pretty.p_o )
[ 2 of 16] Compiling Options.Applicative.Help.Levenshtein ( Options/Applicative/Help/Levenshtein.hs, dist/dist-sandbox-5a099110/build/Options/Applicative/Help/Levenshtein.p_o )
[ 3 of 16] Compiling Options.Applicative.Help.Chunk ( Options/Applicative/Help/Chunk.hs, dist/dist-sandbox-5a099110/build/Options/Applicative/Help/Chunk.p_o )
[ 4 of 16] Compiling Options.Applicative.Help.Types ( Options/Applicative/Help/Types.hs, dist/dist-sandbox-5a099110/build/Options/Applicative/Help/Types.p_o )
[ 5 of 16] Compiling Options.Applicative.Types ( Options/Applicative/Types.hs, dist/dist-sandbox-5a099110/build/Options/Applicative/Types.p_o )
[ 6 of 16] Compiling Options.Applicative.Internal ( Options/Applicative/Internal.hs, dist/dist-sandbox-5a099110/build/Options/Applicative/Internal.p_o )
[ 7 of 16] Compiling Options.Applicative.Common ( Options/Applicative/Common.hs, dist/dist-sandbox-5a099110/build/Options/Applicative/Common.p_o )
[ 8 of 16] Compiling Options.Applicative.Help.Core ( Options/Applicative/Help/Core.hs, dist/dist-sandbox-5a099110/build/Options/Applicative/Help/Core.p_o )
[ 9 of 16] Compiling Options.Applicative.Help ( Options/Applicative/Help.hs, dist/dist-sandbox-5a099110/build/Options/Applicative/Help.p_o )
[10 of 16] Compiling Options.Applicative.Builder.Internal ( Options/Applicative/Builder/Internal.hs, dist/dist-sandbox-5a099110/build/Options/Applicative/Builder/Internal.p_o )
[11 of 16] Compiling Options.Applicative.Builder.Completer ( Options/Applicative/Builder/Completer.hs, dist/dist-sandbox-5a099110/build/Options/Applicative/Builder/Completer.p_o )
[12 of 16] Compiling Options.Applicative.Builder ( Options/Applicative/Builder.hs, dist/dist-sandbox-5a099110/build/Options/Applicative/Builder.p_o )
[13 of 16] Compiling Options.Applicative.BashCompletion ( Options/Applicative/BashCompletion.hs, dist/dist-sandbox-5a099110/build/Options/Applicative/BashCompletion.p_o )
[14 of 16] Compiling Options.Applicative.Extra ( Options/Applicative/Extra.hs, dist/dist-sandbox-5a099110/build/Options/Applicative/Extra.p_o )
[15 of 16] Compiling Options.Applicative ( Options/Applicative.hs, dist/dist-sandbox-5a099110/build/Options/Applicative.p_o )
[16 of 16] Compiling Options.Applicative.Arrows ( Options/Applicative/Arrows.hs, dist/dist-sandbox-5a099110/build/Options/Applicative/Arrows.p_o )
Running Haddock for optparse-applicative-0.14.0.0...
Preprocessing library optparse-applicative-0.14.0.0...
Haddock coverage:
  33% (  1 /  3) in 'Options.Applicative.Help.Pretty'
  Missing documentation for:
    Module header
    .$. (Options/Applicative/Help/Pretty.hs:9)
  50% (  1 /  2) in 'Options.Applicative.Help.Levenshtein'
  Missing documentation for:
    Module header
  86% ( 12 / 14) in 'Options.Applicative.Help.Chunk'
  Missing documentation for:
    Module header
    mappendWith (Options/Applicative/Help/Chunk.hs:25)
  33% (  1 /  3) in 'Options.Applicative.Help.Types'
  Missing documentation for:
    Module header
    ParserHelp (Options/Applicative/Help/Types.hs:12)
  41% ( 16 / 39) in 'Options.Applicative.Types'
  Missing documentation for:
    Module header
    ParseError (Options/Applicative/Types.hs:62)
    OptName (Options/Applicative/Types.hs:113)
    CReader (Options/Applicative/Types.hs:199)
    ParserM (Options/Applicative/Types.hs:242)
    CompletionResult (Options/Applicative/Types.hs:294)
    ParserFailure (Options/Applicative/Types.hs:301)
    overFailure (Options/Applicative/Types.hs:326)
    Args (Options/Applicative/Types.hs:343)
    OptHelpInfo (Options/Applicative/Types.hs:370)
    OptTree (Options/Applicative/Types.hs:377)
    ParserHelp (Options/Applicative/Help/Types.hs:12)
    SomeParser (Options/Applicative/Types.hs:148)
    IsCmdStart (Options/Applicative/Types.hs:71)
    fromM (Options/Applicative/Types.hs:256)
    oneM (Options/Applicative/Types.hs:259)
    manyM (Options/Applicative/Types.hs:262)
    someM (Options/Applicative/Types.hs:269)
    optVisibility (Options/Applicative/Types.hs:383)
    optMetaVar (Options/Applicative/Types.hs:389)
    optHelp (Options/Applicative/Types.hs:386)
    optShowDefault (Options/Applicative/Types.hs:392)
    optDescMod (Options/Applicative/Types.hs:395)
   0% (  0 / 20) in 'Options.Applicative.Internal'
  Missing documentation for:
    Module header
    P (Options/Applicative/Internal.hs:51)
    MonadP (Options/Applicative/Internal.hs:41)
    ParseError (Options/Applicative/Types.hs:62)
    uncons (Options/Applicative/Internal.hs:96)
    hoistMaybe (Options/Applicative/Internal.hs:87)
    hoistEither (Options/Applicative/Internal.hs:90)
    runReadM (Options/Applicative/Internal.hs:100)
    withReadM (Options/Applicative/Internal.hs:103)
    runP (Options/Applicative/Internal.hs:93)
    Completion (Options/Applicative/Internal.hs:128)
    runCompletion (Options/Applicative/Internal.hs:160)
    contextNames (Options/Applicative/Internal.hs:72)
    ListT (Options/Applicative/Internal.hs:168)
    takeListT (Options/Applicative/Internal.hs:182)
    runListT (Options/Applicative/Internal.hs:186)
    NondetT (Options/Applicative/Internal.hs:227)
    cut (Options/Applicative/Internal.hs:258)
    <!> (Options/Applicative/Internal.hs:252)
    disamb (Options/Applicative/Internal.hs:261)
  72% ( 13 / 18) in 'Options.Applicative.Common'
  Missing documentation for:
    Module header
    showOption (Options/Applicative/Common.hs:64)
    runParserInfo (Options/Applicative/Common.hs:228)
    runParserFully (Options/Applicative/Common.hs:231)
    optionNames (Options/Applicative/Common.hs:68)
  40% (  6 / 15) in 'Options.Applicative.Help.Core'
  Missing documentation for:
    Module header
    fold_tree (Options/Applicative/Help/Core.hs:102)
    ParserHelp (Options/Applicative/Help/Types.hs:12)
    errorHelp (Options/Applicative/Help/Core.hs:134)
    headerHelp (Options/Applicative/Help/Core.hs:137)
    suggestionsHelp (Options/Applicative/Help/Core.hs:140)
    usageHelp (Options/Applicative/Help/Core.hs:143)
    bodyHelp (Options/Applicative/Help/Core.hs:146)
    footerHelp (Options/Applicative/Help/Core.hs:149)
  92% ( 11 / 12) in 'Options.Applicative.Help'
  Missing documentation for:
    Module header
  20% (  4 / 20) in 'Options.Applicative.Builder.Internal'
  Missing documentation for:
    Module header
    HasName (Options/Applicative/Builder/Internal.hs:50)
    HasCompleter (Options/Applicative/Builder/Internal.hs:59)
    HasValue (Options/Applicative/Builder/Internal.hs:68)
    HasMetavar (Options/Applicative/Builder/Internal.hs:76)
    OptionFields (Options/Applicative/Builder/Internal.hs:34)
    FlagFields (Options/Applicative/Builder/Internal.hs:39)
    CommandFields (Options/Applicative/Builder/Internal.hs:43)
    ArgumentFields (Options/Applicative/Builder/Internal.hs:47)
    DefaultProp (Options/Applicative/Builder/Internal.hs:87)
    optionMod (Options/Applicative/Builder/Internal.hs:128)
    fieldMod (Options/Applicative/Builder/Internal.hs:131)
    mkCommand (Options/Applicative/Builder/Internal.hs:152)
    mkParser (Options/Applicative/Builder/Internal.hs:158)
    mkOption (Options/Applicative/Builder/Internal.hs:166)
    mkProps (Options/Applicative/Builder/Internal.hs:172)
  83% (  5 /  6) in 'Options.Applicative.Builder.Completer'
  Missing documentation for:
    Module header
  91% ( 68 / 75) in 'Options.Applicative.Builder'
  Missing documentation for:
    Module header
    ParseError (Options/Applicative/Types.hs:62)
    PrefsMod (Options/Applicative/Builder.hs:447)
    OptionFields (Options/Applicative/Builder/Internal.hs:34)
    FlagFields (Options/Applicative/Builder/Internal.hs:39)
    ArgumentFields (Options/Applicative/Builder/Internal.hs:47)
    CommandFields (Options/Applicative/Builder/Internal.hs:43)
  50% (  1 /  2) in 'Options.Applicative.BashCompletion'
  Missing documentation for:
    bashCompletionParser (Options/Applicative/BashCompletion.hs:34)
  74% ( 14 / 19) in 'Options.Applicative.Extra'
  Missing documentation for:
    Module header
    renderFailure (Options/Applicative/Extra.hs:287)
    ParserFailure (Options/Applicative/Types.hs:301)
    overFailure (Options/Applicative/Types.hs:326)
    CompletionResult (Options/Applicative/Types.hs:294)
  89% (100 /112) in 'Options.Applicative'
  Missing documentation for:
    Module header
    OptionFields (Options/Applicative/Builder/Internal.hs:34)
    FlagFields (Options/Applicative/Builder/Internal.hs:39)
    ArgumentFields (Options/Applicative/Builder/Internal.hs:47)
    CommandFields (Options/Applicative/Builder/Internal.hs:43)
    renderFailure (Options/Applicative/Extra.hs:287)
    overFailure (Options/Applicative/Types.hs:326)
    PrefsMod (Options/Applicative/Builder.hs:447)
    ParseError (Options/Applicative/Types.hs:62)
    ParserHelp (Options/Applicative/Help/Types.hs:12)
    ParserFailure (Options/Applicative/Types.hs:301)
    CompletionResult (Options/Applicative/Types.hs:294)
 100% (  6 /  6) in 'Options.Applicative.Arrows'
Documentation created:
dist/dist-sandbox-5a099110/doc/html/optparse-applicative/index.html
Creating package registration file:
/var/folders/n0/51csjnbx4jlgfg30y54t6ct40000gn/T/pkgConf-optparse-applicative-0.14.0771515668357571490.0
Installing library in
/Users/eph/Documents/GitHub/Problemas/Bowling/.cabal-sandbox/lib/x86_64-osx-ghc-8.0.2/optparse-applicative-0.14.0.0-JFBuw3OYNfFJPLPNfvTt6K
Registering optparse-applicative-0.14.0.0...
cabal: Leaving directory '/var/folders/n0/51csjnbx4jlgfg30y54t6ct40000gn/T/cabal-tmp-4697/optparse-applicative-0.14.0.0'
