cabal: Entering directory '/var/folders/n0/51csjnbx4jlgfg30y54t6ct40000gn/T/cabal-tmp-4697/parsec-3.1.11'
Configuring parsec-3.1.11...
Building parsec-3.1.11...
Preprocessing library parsec-3.1.11...
[ 1 of 25] Compiling Text.Parsec.Pos  ( Text/Parsec/Pos.hs, dist/dist-sandbox-5a099110/build/Text/Parsec/Pos.o )
[ 2 of 25] Compiling Text.ParserCombinators.Parsec.Pos ( Text/ParserCombinators/Parsec/Pos.hs, dist/dist-sandbox-5a099110/build/Text/ParserCombinators/Parsec/Pos.o )
[ 3 of 25] Compiling Text.Parsec.Error ( Text/Parsec/Error.hs, dist/dist-sandbox-5a099110/build/Text/Parsec/Error.o )
[ 4 of 25] Compiling Text.Parsec.Prim ( Text/Parsec/Prim.hs, dist/dist-sandbox-5a099110/build/Text/Parsec/Prim.o )
[ 5 of 25] Compiling Text.Parsec.String ( Text/Parsec/String.hs, dist/dist-sandbox-5a099110/build/Text/Parsec/String.o )
[ 6 of 25] Compiling Text.Parsec.Text ( Text/Parsec/Text.hs, dist/dist-sandbox-5a099110/build/Text/Parsec/Text.o )
[ 7 of 25] Compiling Text.Parsec.Text.Lazy ( Text/Parsec/Text/Lazy.hs, dist/dist-sandbox-5a099110/build/Text/Parsec/Text/Lazy.o )
[ 8 of 25] Compiling Text.ParserCombinators.Parsec.Error ( Text/ParserCombinators/Parsec/Error.hs, dist/dist-sandbox-5a099110/build/Text/ParserCombinators/Parsec/Error.o )
[ 9 of 25] Compiling Text.ParserCombinators.Parsec.Prim ( Text/ParserCombinators/Parsec/Prim.hs, dist/dist-sandbox-5a099110/build/Text/ParserCombinators/Parsec/Prim.o )
[10 of 25] Compiling Text.Parsec.Combinator ( Text/Parsec/Combinator.hs, dist/dist-sandbox-5a099110/build/Text/Parsec/Combinator.o )
[11 of 25] Compiling Text.Parsec.Expr ( Text/Parsec/Expr.hs, dist/dist-sandbox-5a099110/build/Text/Parsec/Expr.o )
[12 of 25] Compiling Text.ParserCombinators.Parsec.Combinator ( Text/ParserCombinators/Parsec/Combinator.hs, dist/dist-sandbox-5a099110/build/Text/ParserCombinators/Parsec/Combinator.o )
[13 of 25] Compiling Text.Parsec.Char ( Text/Parsec/Char.hs, dist/dist-sandbox-5a099110/build/Text/Parsec/Char.o )
[14 of 25] Compiling Text.Parsec.Token ( Text/Parsec/Token.hs, dist/dist-sandbox-5a099110/build/Text/Parsec/Token.o )
[15 of 25] Compiling Text.ParserCombinators.Parsec.Token ( Text/ParserCombinators/Parsec/Token.hs, dist/dist-sandbox-5a099110/build/Text/ParserCombinators/Parsec/Token.o )
[16 of 25] Compiling Text.ParserCombinators.Parsec.Char ( Text/ParserCombinators/Parsec/Char.hs, dist/dist-sandbox-5a099110/build/Text/ParserCombinators/Parsec/Char.o )
[17 of 25] Compiling Text.ParserCombinators.Parsec ( Text/ParserCombinators/Parsec.hs, dist/dist-sandbox-5a099110/build/Text/ParserCombinators/Parsec.o )
[18 of 25] Compiling Text.ParserCombinators.Parsec.Expr ( Text/ParserCombinators/Parsec/Expr.hs, dist/dist-sandbox-5a099110/build/Text/ParserCombinators/Parsec/Expr.o )
[19 of 25] Compiling Text.Parsec.ByteString.Lazy ( Text/Parsec/ByteString/Lazy.hs, dist/dist-sandbox-5a099110/build/Text/Parsec/ByteString/Lazy.o )
[20 of 25] Compiling Text.Parsec.ByteString ( Text/Parsec/ByteString.hs, dist/dist-sandbox-5a099110/build/Text/Parsec/ByteString.o )
[21 of 25] Compiling Text.Parsec      ( Text/Parsec.hs, dist/dist-sandbox-5a099110/build/Text/Parsec.o )
[22 of 25] Compiling Text.Parsec.Language ( Text/Parsec/Language.hs, dist/dist-sandbox-5a099110/build/Text/Parsec/Language.o )
[23 of 25] Compiling Text.ParserCombinators.Parsec.Language ( Text/ParserCombinators/Parsec/Language.hs, dist/dist-sandbox-5a099110/build/Text/ParserCombinators/Parsec/Language.o )
[24 of 25] Compiling Text.Parsec.Perm ( Text/Parsec/Perm.hs, dist/dist-sandbox-5a099110/build/Text/Parsec/Perm.o )
[25 of 25] Compiling Text.ParserCombinators.Parsec.Perm ( Text/ParserCombinators/Parsec/Perm.hs, dist/dist-sandbox-5a099110/build/Text/ParserCombinators/Parsec/Perm.o )
[ 1 of 25] Compiling Text.Parsec.Pos  ( Text/Parsec/Pos.hs, dist/dist-sandbox-5a099110/build/Text/Parsec/Pos.p_o )
[ 2 of 25] Compiling Text.ParserCombinators.Parsec.Pos ( Text/ParserCombinators/Parsec/Pos.hs, dist/dist-sandbox-5a099110/build/Text/ParserCombinators/Parsec/Pos.p_o )
[ 3 of 25] Compiling Text.Parsec.Error ( Text/Parsec/Error.hs, dist/dist-sandbox-5a099110/build/Text/Parsec/Error.p_o )
[ 4 of 25] Compiling Text.Parsec.Prim ( Text/Parsec/Prim.hs, dist/dist-sandbox-5a099110/build/Text/Parsec/Prim.p_o )
[ 5 of 25] Compiling Text.Parsec.String ( Text/Parsec/String.hs, dist/dist-sandbox-5a099110/build/Text/Parsec/String.p_o )
[ 6 of 25] Compiling Text.Parsec.Text ( Text/Parsec/Text.hs, dist/dist-sandbox-5a099110/build/Text/Parsec/Text.p_o )
[ 7 of 25] Compiling Text.Parsec.Text.Lazy ( Text/Parsec/Text/Lazy.hs, dist/dist-sandbox-5a099110/build/Text/Parsec/Text/Lazy.p_o )
[ 8 of 25] Compiling Text.ParserCombinators.Parsec.Error ( Text/ParserCombinators/Parsec/Error.hs, dist/dist-sandbox-5a099110/build/Text/ParserCombinators/Parsec/Error.p_o )
[ 9 of 25] Compiling Text.ParserCombinators.Parsec.Prim ( Text/ParserCombinators/Parsec/Prim.hs, dist/dist-sandbox-5a099110/build/Text/ParserCombinators/Parsec/Prim.p_o )
[10 of 25] Compiling Text.Parsec.Combinator ( Text/Parsec/Combinator.hs, dist/dist-sandbox-5a099110/build/Text/Parsec/Combinator.p_o )
[11 of 25] Compiling Text.Parsec.Expr ( Text/Parsec/Expr.hs, dist/dist-sandbox-5a099110/build/Text/Parsec/Expr.p_o )
[12 of 25] Compiling Text.ParserCombinators.Parsec.Combinator ( Text/ParserCombinators/Parsec/Combinator.hs, dist/dist-sandbox-5a099110/build/Text/ParserCombinators/Parsec/Combinator.p_o )
[13 of 25] Compiling Text.Parsec.Char ( Text/Parsec/Char.hs, dist/dist-sandbox-5a099110/build/Text/Parsec/Char.p_o )
[14 of 25] Compiling Text.Parsec.Token ( Text/Parsec/Token.hs, dist/dist-sandbox-5a099110/build/Text/Parsec/Token.p_o )
[15 of 25] Compiling Text.ParserCombinators.Parsec.Token ( Text/ParserCombinators/Parsec/Token.hs, dist/dist-sandbox-5a099110/build/Text/ParserCombinators/Parsec/Token.p_o )
[16 of 25] Compiling Text.ParserCombinators.Parsec.Char ( Text/ParserCombinators/Parsec/Char.hs, dist/dist-sandbox-5a099110/build/Text/ParserCombinators/Parsec/Char.p_o )
[17 of 25] Compiling Text.ParserCombinators.Parsec ( Text/ParserCombinators/Parsec.hs, dist/dist-sandbox-5a099110/build/Text/ParserCombinators/Parsec.p_o )
[18 of 25] Compiling Text.ParserCombinators.Parsec.Expr ( Text/ParserCombinators/Parsec/Expr.hs, dist/dist-sandbox-5a099110/build/Text/ParserCombinators/Parsec/Expr.p_o )
[19 of 25] Compiling Text.Parsec.ByteString.Lazy ( Text/Parsec/ByteString/Lazy.hs, dist/dist-sandbox-5a099110/build/Text/Parsec/ByteString/Lazy.p_o )
[20 of 25] Compiling Text.Parsec.ByteString ( Text/Parsec/ByteString.hs, dist/dist-sandbox-5a099110/build/Text/Parsec/ByteString.p_o )
[21 of 25] Compiling Text.Parsec      ( Text/Parsec.hs, dist/dist-sandbox-5a099110/build/Text/Parsec.p_o )
[22 of 25] Compiling Text.Parsec.Language ( Text/Parsec/Language.hs, dist/dist-sandbox-5a099110/build/Text/Parsec/Language.p_o )
[23 of 25] Compiling Text.ParserCombinators.Parsec.Language ( Text/ParserCombinators/Parsec/Language.hs, dist/dist-sandbox-5a099110/build/Text/ParserCombinators/Parsec/Language.p_o )
[24 of 25] Compiling Text.Parsec.Perm ( Text/Parsec/Perm.hs, dist/dist-sandbox-5a099110/build/Text/Parsec/Perm.p_o )
[25 of 25] Compiling Text.ParserCombinators.Parsec.Perm ( Text/ParserCombinators/Parsec/Perm.hs, dist/dist-sandbox-5a099110/build/Text/ParserCombinators/Parsec/Perm.p_o )
Running Haddock for parsec-3.1.11...
Preprocessing library parsec-3.1.11...
Haddock coverage:
  82% ( 14 / 17) in 'Text.Parsec.Pos'
  Missing documentation for:
    SourceName (/var/folders/n0/51csjnbx4jlgfg30y54t6ct40000gn/T/ghc7803_0/ghc_13.hscpp:179)
    Line (/var/folders/n0/51csjnbx4jlgfg30y54t6ct40000gn/T/ghc7803_0/ghc_13.hscpp:180)
    Column (/var/folders/n0/51csjnbx4jlgfg30y54t6ct40000gn/T/ghc7803_0/ghc_13.hscpp:181)
  82% ( 14 / 17) in 'Text.ParserCombinators.Parsec.Pos'
  Missing documentation for:
    SourceName (/var/folders/n0/51csjnbx4jlgfg30y54t6ct40000gn/T/ghc7803_0/ghc_13.hscpp:179)
    Line (/var/folders/n0/51csjnbx4jlgfg30y54t6ct40000gn/T/ghc7803_0/ghc_13.hscpp:180)
    Column (/var/folders/n0/51csjnbx4jlgfg30y54t6ct40000gn/T/ghc7803_0/ghc_13.hscpp:181)
  43% (  6 / 14) in 'Text.Parsec.Error'
  Missing documentation for:
    errorIsUnknown (/var/folders/n0/51csjnbx4jlgfg30y54t6ct40000gn/T/ghc7803_0/ghc_15.hscpp:261)
    showErrorMessages (/var/folders/n0/51csjnbx4jlgfg30y54t6ct40000gn/T/ghc7803_0/ghc_15.hscpp:324)
    newErrorMessage (/var/folders/n0/51csjnbx4jlgfg30y54t6ct40000gn/T/ghc7803_0/ghc_15.hscpp:271)
    newErrorUnknown (/var/folders/n0/51csjnbx4jlgfg30y54t6ct40000gn/T/ghc7803_0/ghc_15.hscpp:267)
    addErrorMessage (/var/folders/n0/51csjnbx4jlgfg30y54t6ct40000gn/T/ghc7803_0/ghc_15.hscpp:275)
    setErrorPos (/var/folders/n0/51csjnbx4jlgfg30y54t6ct40000gn/T/ghc7803_0/ghc_15.hscpp:279)
    setErrorMessage (/var/folders/n0/51csjnbx4jlgfg30y54t6ct40000gn/T/ghc7803_0/ghc_15.hscpp:283)
    mergeError (/var/folders/n0/51csjnbx4jlgfg30y54t6ct40000gn/T/ghc7803_0/ghc_15.hscpp:287)
  64% ( 32 / 50) in 'Text.Parsec.Prim'
  Missing documentation for:
    unknownError (/var/folders/n0/51csjnbx4jlgfg30y54t6ct40000gn/T/ghc7803_0/ghc_17.hscpp:241)
    sysUnExpectError (/var/folders/n0/51csjnbx4jlgfg30y54t6ct40000gn/T/ghc7803_0/ghc_17.hscpp:244)
    Parsec (/var/folders/n0/51csjnbx4jlgfg30y54t6ct40000gn/T/ghc7803_0/ghc_17.hscpp:307)
    Consumed (/var/folders/n0/51csjnbx4jlgfg30y54t6ct40000gn/T/ghc7803_0/ghc_17.hscpp:309)
    Reply (/var/folders/n0/51csjnbx4jlgfg30y54t6ct40000gn/T/ghc7803_0/ghc_17.hscpp:313)
    State (/var/folders/n0/51csjnbx4jlgfg30y54t6ct40000gn/T/ghc7803_0/ghc_17.hscpp:317)
    parsecMap (/var/folders/n0/51csjnbx4jlgfg30y54t6ct40000gn/T/ghc7803_0/ghc_17.hscpp:335)
    parserReturn (/var/folders/n0/51csjnbx4jlgfg30y54t6ct40000gn/T/ghc7803_0/ghc_17.hscpp:379)
    parserBind (/var/folders/n0/51csjnbx4jlgfg30y54t6ct40000gn/T/ghc7803_0/ghc_17.hscpp:384)
    mergeErrorReply (/var/folders/n0/51csjnbx4jlgfg30y54t6ct40000gn/T/ghc7803_0/ghc_17.hscpp:424)
    parserFail (/var/folders/n0/51csjnbx4jlgfg30y54t6ct40000gn/T/ghc7803_0/ghc_17.hscpp:430)
    parserPlus (/var/folders/n0/51csjnbx4jlgfg30y54t6ct40000gn/T/ghc7803_0/ghc_17.hscpp:448)
    labels (/var/folders/n0/51csjnbx4jlgfg30y54t6ct40000gn/T/ghc7803_0/ghc_17.hscpp:503)
    tokens (/var/folders/n0/51csjnbx4jlgfg30y54t6ct40000gn/T/ghc7803_0/ghc_17.hscpp:554)
    tokenPrimEx (/var/folders/n0/51csjnbx4jlgfg30y54t6ct40000gn/T/ghc7803_0/ghc_17.hscpp:691)
    manyAccum (/var/folders/n0/51csjnbx4jlgfg30y54t6ct40000gn/T/ghc7803_0/ghc_17.hscpp:750)
    runPT (/var/folders/n0/51csjnbx4jlgfg30y54t6ct40000gn/T/ghc7803_0/ghc_17.hscpp:768)
    runP (/var/folders/n0/51csjnbx4jlgfg30y54t6ct40000gn/T/ghc7803_0/ghc_17.hscpp:782)
  50% (  2 /  4) in 'Text.Parsec.String'
  Missing documentation for:
    Parser (/var/folders/n0/51csjnbx4jlgfg30y54t6ct40000gn/T/ghc7803_0/ghc_3.hscpp:170)
    GenParser (/var/folders/n0/51csjnbx4jlgfg30y54t6ct40000gn/T/ghc7803_0/ghc_3.hscpp:171)
  33% (  1 /  3) in 'Text.Parsec.Text'
  Missing documentation for:
    Parser (/var/folders/n0/51csjnbx4jlgfg30y54t6ct40000gn/T/ghc7803_0/ghc_9.hscpp:171)
    GenParser (/var/folders/n0/51csjnbx4jlgfg30y54t6ct40000gn/T/ghc7803_0/ghc_9.hscpp:172)
  33% (  1 /  3) in 'Text.Parsec.Text.Lazy'
  Missing documentation for:
    Parser (/var/folders/n0/51csjnbx4jlgfg30y54t6ct40000gn/T/ghc7803_0/ghc_11.hscpp:171)
    GenParser (/var/folders/n0/51csjnbx4jlgfg30y54t6ct40000gn/T/ghc7803_0/ghc_11.hscpp:172)
  38% (  6 / 16) in 'Text.ParserCombinators.Parsec.Error'
  Missing documentation for:
    messageCompare (/var/folders/n0/51csjnbx4jlgfg30y54t6ct40000gn/T/ghc7803_0/ghc_37.hscpp:184)
    messageEq (/var/folders/n0/51csjnbx4jlgfg30y54t6ct40000gn/T/ghc7803_0/ghc_37.hscpp:187)
    errorIsUnknown (/var/folders/n0/51csjnbx4jlgfg30y54t6ct40000gn/T/ghc7803_0/ghc_15.hscpp:261)
    showErrorMessages (/var/folders/n0/51csjnbx4jlgfg30y54t6ct40000gn/T/ghc7803_0/ghc_15.hscpp:324)
    newErrorMessage (/var/folders/n0/51csjnbx4jlgfg30y54t6ct40000gn/T/ghc7803_0/ghc_15.hscpp:271)
    newErrorUnknown (/var/folders/n0/51csjnbx4jlgfg30y54t6ct40000gn/T/ghc7803_0/ghc_15.hscpp:267)
    addErrorMessage (/var/folders/n0/51csjnbx4jlgfg30y54t6ct40000gn/T/ghc7803_0/ghc_15.hscpp:275)
    setErrorPos (/var/folders/n0/51csjnbx4jlgfg30y54t6ct40000gn/T/ghc7803_0/ghc_15.hscpp:279)
    setErrorMessage (/var/folders/n0/51csjnbx4jlgfg30y54t6ct40000gn/T/ghc7803_0/ghc_15.hscpp:283)
    mergeError (/var/folders/n0/51csjnbx4jlgfg30y54t6ct40000gn/T/ghc7803_0/ghc_15.hscpp:287)
  70% ( 21 / 30) in 'Text.ParserCombinators.Parsec.Prim'
  Missing documentation for:
    Parser (/var/folders/n0/51csjnbx4jlgfg30y54t6ct40000gn/T/ghc7803_0/ghc_3.hscpp:170)
    GenParser (/var/folders/n0/51csjnbx4jlgfg30y54t6ct40000gn/T/ghc7803_0/ghc_3.hscpp:171)
    runParser (/var/folders/n0/51csjnbx4jlgfg30y54t6ct40000gn/T/ghc7803_0/ghc_47.hscpp:205)
    tokens (/var/folders/n0/51csjnbx4jlgfg30y54t6ct40000gn/T/ghc7803_0/ghc_17.hscpp:554)
    tokenPrimEx (/var/folders/n0/51csjnbx4jlgfg30y54t6ct40000gn/T/ghc7803_0/ghc_17.hscpp:691)
    try (/var/folders/n0/51csjnbx4jlgfg30y54t6ct40000gn/T/ghc7803_0/ghc_47.hscpp:212)
    labels (/var/folders/n0/51csjnbx4jlgfg30y54t6ct40000gn/T/ghc7803_0/ghc_17.hscpp:503)
    pzero (/var/folders/n0/51csjnbx4jlgfg30y54t6ct40000gn/T/ghc7803_0/ghc_47.hscpp:202)
    State (/var/folders/n0/51csjnbx4jlgfg30y54t6ct40000gn/T/ghc7803_0/ghc_17.hscpp:317)
 100% ( 24 / 24) in 'Text.Parsec.Combinator'
 100% (  5 /  5) in 'Text.Parsec.Expr'
 100% ( 24 / 24) in 'Text.ParserCombinators.Parsec.Combinator'
 100% ( 20 / 20) in 'Text.Parsec.Char'
  67% (  4 /  6) in 'Text.Parsec.Token'
  Missing documentation for:
    LanguageDef (/var/folders/n0/51csjnbx4jlgfg30y54t6ct40000gn/T/ghc7803_0/ghc_23.hscpp:187)
    TokenParser (/var/folders/n0/51csjnbx4jlgfg30y54t6ct40000gn/T/ghc7803_0/ghc_23.hscpp:258)
  67% (  4 /  6) in 'Text.ParserCombinators.Parsec.Token'
  Missing documentation for:
    LanguageDef (/var/folders/n0/51csjnbx4jlgfg30y54t6ct40000gn/T/ghc7803_0/ghc_23.hscpp:187)
    TokenParser (/var/folders/n0/51csjnbx4jlgfg30y54t6ct40000gn/T/ghc7803_0/ghc_23.hscpp:258)
  95% ( 18 / 19) in 'Text.ParserCombinators.Parsec.Char'
  Missing documentation for:
    CharParser (/var/folders/n0/51csjnbx4jlgfg30y54t6ct40000gn/T/ghc7803_0/ghc_33.hscpp:188)
  83% ( 15 / 18) in 'Text.ParserCombinators.Parsec'
  Missing documentation for:
    SourceName (/var/folders/n0/51csjnbx4jlgfg30y54t6ct40000gn/T/ghc7803_0/ghc_13.hscpp:179)
    Line (/var/folders/n0/51csjnbx4jlgfg30y54t6ct40000gn/T/ghc7803_0/ghc_13.hscpp:180)
    Column (/var/folders/n0/51csjnbx4jlgfg30y54t6ct40000gn/T/ghc7803_0/ghc_13.hscpp:181)
  40% (  2 /  5) in 'Text.ParserCombinators.Parsec.Expr'
  Missing documentation for:
    Operator (/var/folders/n0/51csjnbx4jlgfg30y54t6ct40000gn/T/ghc7803_0/ghc_39.hscpp:177)
    OperatorTable (/var/folders/n0/51csjnbx4jlgfg30y54t6ct40000gn/T/ghc7803_0/ghc_39.hscpp:181)
    buildExpressionParser (/var/folders/n0/51csjnbx4jlgfg30y54t6ct40000gn/T/ghc7803_0/ghc_39.hscpp:188)
  50% (  2 /  4) in 'Text.Parsec.ByteString.Lazy'
  Missing documentation for:
    Parser (/var/folders/n0/51csjnbx4jlgfg30y54t6ct40000gn/T/ghc7803_0/ghc_7.hscpp:172)
    GenParser (/var/folders/n0/51csjnbx4jlgfg30y54t6ct40000gn/T/ghc7803_0/ghc_7.hscpp:173)
  50% (  2 /  4) in 'Text.Parsec.ByteString'
  Missing documentation for:
    Parser (/var/folders/n0/51csjnbx4jlgfg30y54t6ct40000gn/T/ghc7803_0/ghc_5.hscpp:172)
    GenParser (/var/folders/n0/51csjnbx4jlgfg30y54t6ct40000gn/T/ghc7803_0/ghc_5.hscpp:173)
  78% ( 73 / 94) in 'Text.Parsec'
  Missing documentation for:
    Parsec (/var/folders/n0/51csjnbx4jlgfg30y54t6ct40000gn/T/ghc7803_0/ghc_17.hscpp:307)
    tokens (/var/folders/n0/51csjnbx4jlgfg30y54t6ct40000gn/T/ghc7803_0/ghc_17.hscpp:554)
    labels (/var/folders/n0/51csjnbx4jlgfg30y54t6ct40000gn/T/ghc7803_0/ghc_17.hscpp:503)
    SourceName (/var/folders/n0/51csjnbx4jlgfg30y54t6ct40000gn/T/ghc7803_0/ghc_13.hscpp:179)
    Line (/var/folders/n0/51csjnbx4jlgfg30y54t6ct40000gn/T/ghc7803_0/ghc_13.hscpp:180)
    Column (/var/folders/n0/51csjnbx4jlgfg30y54t6ct40000gn/T/ghc7803_0/ghc_13.hscpp:181)
    manyAccum (/var/folders/n0/51csjnbx4jlgfg30y54t6ct40000gn/T/ghc7803_0/ghc_17.hscpp:750)
    tokenPrimEx (/var/folders/n0/51csjnbx4jlgfg30y54t6ct40000gn/T/ghc7803_0/ghc_17.hscpp:691)
    runPT (/var/folders/n0/51csjnbx4jlgfg30y54t6ct40000gn/T/ghc7803_0/ghc_17.hscpp:768)
    unknownError (/var/folders/n0/51csjnbx4jlgfg30y54t6ct40000gn/T/ghc7803_0/ghc_17.hscpp:241)
    sysUnExpectError (/var/folders/n0/51csjnbx4jlgfg30y54t6ct40000gn/T/ghc7803_0/ghc_17.hscpp:244)
    mergeErrorReply (/var/folders/n0/51csjnbx4jlgfg30y54t6ct40000gn/T/ghc7803_0/ghc_17.hscpp:424)
    runP (/var/folders/n0/51csjnbx4jlgfg30y54t6ct40000gn/T/ghc7803_0/ghc_17.hscpp:782)
    Consumed (/var/folders/n0/51csjnbx4jlgfg30y54t6ct40000gn/T/ghc7803_0/ghc_17.hscpp:309)
    Reply (/var/folders/n0/51csjnbx4jlgfg30y54t6ct40000gn/T/ghc7803_0/ghc_17.hscpp:313)
    State (/var/folders/n0/51csjnbx4jlgfg30y54t6ct40000gn/T/ghc7803_0/ghc_17.hscpp:317)
    parsecMap (/var/folders/n0/51csjnbx4jlgfg30y54t6ct40000gn/T/ghc7803_0/ghc_17.hscpp:335)
    parserReturn (/var/folders/n0/51csjnbx4jlgfg30y54t6ct40000gn/T/ghc7803_0/ghc_17.hscpp:379)
    parserBind (/var/folders/n0/51csjnbx4jlgfg30y54t6ct40000gn/T/ghc7803_0/ghc_17.hscpp:384)
    parserFail (/var/folders/n0/51csjnbx4jlgfg30y54t6ct40000gn/T/ghc7803_0/ghc_17.hscpp:430)
    parserPlus (/var/folders/n0/51csjnbx4jlgfg30y54t6ct40000gn/T/ghc7803_0/ghc_17.hscpp:448)
  90% (  9 / 10) in 'Text.Parsec.Language'
  Missing documentation for:
    LanguageDef (/var/folders/n0/51csjnbx4jlgfg30y54t6ct40000gn/T/ghc7803_0/ghc_23.hscpp:187)
  90% (  9 / 10) in 'Text.ParserCombinators.Parsec.Language'
  Missing documentation for:
    LanguageDef (/var/folders/n0/51csjnbx4jlgfg30y54t6ct40000gn/T/ghc7803_0/ghc_23.hscpp:187)
 100% (  8 /  8) in 'Text.Parsec.Perm'
 100% (  7 /  7) in 'Text.ParserCombinators.Parsec.Perm'
Documentation created: dist/dist-sandbox-5a099110/doc/html/parsec/index.html
Creating package registration file:
/var/folders/n0/51csjnbx4jlgfg30y54t6ct40000gn/T/pkgConf-parsec-3.119427277221083454666.11
Installing library in
/Users/eph/Documents/GitHub/Problemas/Bowling/.cabal-sandbox/lib/x86_64-osx-ghc-8.0.2/parsec-3.1.11-DytKT37FVYQJRVdRwnazC8
Registering parsec-3.1.11...
cabal: Leaving directory '/var/folders/n0/51csjnbx4jlgfg30y54t6ct40000gn/T/cabal-tmp-4697/parsec-3.1.11'
