cabal: Entering directory '/var/folders/n0/51csjnbx4jlgfg30y54t6ct40000gn/T/cabal-tmp-9441/tagged-0.8.5'
Configuring tagged-0.8.5...
Building tagged-0.8.5...
Preprocessing library tagged-0.8.5...
[1 of 2] Compiling Data.Tagged      ( src/Data/Tagged.hs, dist/dist-sandbox-1a679f20/build/Data/Tagged.o )
[2 of 2] Compiling Data.Proxy.TH    ( src/Data/Proxy/TH.hs, dist/dist-sandbox-1a679f20/build/Data/Proxy/TH.o )
[1 of 2] Compiling Data.Tagged      ( src/Data/Tagged.hs, dist/dist-sandbox-1a679f20/build/Data/Tagged.p_o )
[2 of 2] Compiling Data.Proxy.TH    ( src/Data/Proxy/TH.hs, dist/dist-sandbox-1a679f20/build/Data/Proxy/TH.p_o )
Running Haddock for tagged-0.8.5...
Preprocessing library tagged-0.8.5...
Haddock coverage:
  93% ( 14 / 15) in 'Data.Tagged'
  Missing documentation for:
    witness (/var/folders/n0/51csjnbx4jlgfg30y54t6ct40000gn/T/ghc10878_0/ghc_1.hscpp:578)
  67% (  2 /  3) in 'Data.Proxy.TH'
  Missing documentation for:
    Module header
Warning: Data.Tagged: could not find link destinations for:
    unsafeIndex unsafeRangeSize
Documentation created: dist/dist-sandbox-1a679f20/doc/html/tagged/index.html
Creating package registration file:
/var/folders/n0/51csjnbx4jlgfg30y54t6ct40000gn/T/pkgConf-tagged-0.81108728549685118024.5
Installing library in
/Users/eph/Documents/GitHub/FizzBuzz/.cabal-sandbox/lib/x86_64-osx-ghc-8.0.2/tagged-0.8.5-jDBtbBndklGIlXZjVMhpH
Registering tagged-0.8.5...
cabal: Leaving directory '/var/folders/n0/51csjnbx4jlgfg30y54t6ct40000gn/T/cabal-tmp-9441/tagged-0.8.5'
